#-----------------------------------------------------------
# Webtalk v2016.1 (64-bit)
# SW Build 1538259 on Fri Apr  8 15:45:27 MDT 2016
# 
# Start of session at: Fri Aug 24 12:58:50 2018
# Process ID: 29404
# Current directory: C:/Users/Caiyujie/Desktop/gongkaike/platform/platform.sdk/webtalk
# Command line: wbtcv.exe -mode batch -source sdk_webtalk.tcl
# Log file: C:/Users/Caiyujie/Desktop/gongkaike/platform/platform.sdk/webtalk/webtalk.log
# Journal file: C:/Users/Caiyujie/Desktop/gongkaike/platform/platform.sdk/webtalk\webtalk.jou
#-----------------------------------------------------------
source sdk_webtalk.tcl
# webtalk_init -webtalk_dir C:\\Users\\Caiyujie\\Desktop\\gongkaike\\platform\\platform.sdk\\webtalk
# webtalk_register_client -client project
# webtalk_add_data -client project -key date_generated -value "ÐÇÆÚÎå °ËÔÂ 24 12:58:49 2018" -context "software_version_and_target_device"
# webtalk_add_data -client project -key product_version -value "SDK v2016.1" -context "software_version_and_target_device"
# webtalk_add_data -client project -key build_version -value "2016.1" -context "software_version_and_target_device"
# webtalk_add_data -client project -key os_platform -value "amd64" -context "software_version_and_target_device"
# webtalk_add_data -client project -key registration_id -value "" -context "software_version_and_target_device"
# webtalk_add_data -client project -key tool_flow -value "SDK" -context "software_version_and_target_device"
# webtalk_add_data -client project -key beta -value "false" -context "software_version_and_target_device"
# webtalk_add_data -client project -key route_design -value "NA" -context "software_version_and_target_device"
# webtalk_add_data -client project -key target_family -value "NA" -context "software_version_and_target_device"
# webtalk_add_data -client project -key target_device -value "NA" -context "software_version_and_target_device"
# webtalk_add_data -client project -key target_package -value "NA" -context "software_version_and_target_device"
# webtalk_add_data -client project -key target_speed -value "NA" -context "software_version_and_target_device"
# webtalk_add_data -client project -key random_id -value "1ov2vb2mbt601m35nsjogh527o" -context "software_version_and_target_device"
# webtalk_add_data -client project -key project_id -value "2016.1_5" -context "software_version_and_target_device"
# webtalk_add_data -client project -key project_iteration -value "5" -context "software_version_and_target_device"
# webtalk_add_data -client project -key os_name -value "" -context "user_environment"
# webtalk_add_data -client project -key os_release -value "" -context "user_environment"
# webtalk_add_data -client project -key cpu_name -value "" -context "user_environment"
# webtalk_add_data -client project -key cpu_speed -value "" -context "user_environment"
# webtalk_add_data -client project -key total_processors -value "" -context "user_environment"
# webtalk_add_data -client project -key system_ram -value "" -context "user_environment"
# webtalk_register_client -client sdk
# webtalk_add_data -client sdk -key uid -value "1535078646978" -context "sdk\\\\bsp/1535078646978"
# webtalk_add_data -client sdk -key hwid -value "1535014877923" -context "sdk\\\\bsp/1535078646978"
# webtalk_add_data -client sdk -key os -value "standalone" -context "sdk\\\\bsp/1535078646978"
# webtalk_add_data -client sdk -key apptemplate -value "hello_world" -context "sdk\\\\bsp/1535078646978"
# webtalk_add_data -client sdk -key uid -value "1535078648817" -context "sdk\\\\application/1535078648817"
# webtalk_add_data -client sdk -key hwid -value "1535014877923" -context "sdk\\\\application/1535078648817"
# webtalk_add_data -client sdk -key bspid -value "1535078646978" -context "sdk\\\\application/1535078648817"
# webtalk_add_data -client sdk -key newbsp -value "true" -context "sdk\\\\application/1535078648817"
# webtalk_add_data -client sdk -key os -value "standalone" -context "sdk\\\\application/1535078648817"
# webtalk_add_data -client sdk -key apptemplate -value "hello_world" -context "sdk\\\\application/1535078648817"
# webtalk_transmit -clientid 2200094685 -regid "" -xml C:\\Users\\Caiyujie\\Desktop\\gongkaike\\platform\\platform.sdk\\webtalk\\usage_statistics_ext_sdk.xml -html C:\\Users\\Caiyujie\\Desktop\\gongkaike\\platform\\platform.sdk\\webtalk\\usage_statistics_ext_sdk.html -wdm C:\\Users\\Caiyujie\\Desktop\\gongkaike\\platform\\platform.sdk\\webtalk\\sdk_webtalk.wdm -intro "<H3>SDK Usage Report</H3><BR>"
# webtalk_terminate
INFO: [Common 17-206] Exiting Webtalk at Fri Aug 24 12:58:58 2018...
